\BOOKMARK [0][-]{chapter.1}{\376\377\005\336\005\321\005\325\005\320}{}% 1
\BOOKMARK [1][-]{section.1.1}{\376\377\005\336\005\321\005\325\005\320\000\040\005\324\005\331\005\341\005\330\005\325\005\350\005\331}{chapter.1}% 2
\BOOKMARK [2][-]{subsection.1.1.1}{\376\377\005\327\005\321\005\325\005\350\005\325\005\352\000\040\005\334\005\331}{section.1.1}% 3
\BOOKMARK [2][-]{subsection.1.1.2}{\376\377\005\341\005\331\005\325\005\325\005\322\000\040\005\351\005\334\000\040\005\327\005\321\005\325\005\350\005\325\005\352\000\040\005\334\005\331}{section.1.1}% 4
\BOOKMARK [2][-]{subsection.1.1.3}{\376\377\005\327\005\321\005\325\005\350\005\325\005\352\000\040\005\347\005\325\005\336\005\344\005\347\005\330\005\331\005\325\005\352}{section.1.1}% 5
\BOOKMARK [2][-]{subsection.1.1.4}{\376\377\005\352\005\325\005\350\005\352\000\040\005\324\005\324\005\346\005\322\005\325\005\352}{section.1.1}% 6
\BOOKMARK [2][-]{subsection.1.1.5}{\376\377\005\327\005\321\005\325\005\350\005\325\005\352\000\040\005\350\005\323\005\325\005\347\005\330\005\331\005\321\005\331\005\325\005\352\000\040\005\325\005\320\005\334\005\322\005\321\005\350\005\331\005\325\005\352}{section.1.1}% 7
\BOOKMARK [2][-]{subsection.1.1.6}{\376\377\005\324\005\352\005\344\005\352\005\327\005\325\005\352\000\040\005\336\005\325\005\323\005\350\005\340\005\331\005\352\000\040\005\351\005\334\000\040\005\324\005\352\005\327\005\325\005\335}{section.1.1}% 8
\BOOKMARK [1][-]{section.1.2}{\376\377\005\327\005\321\005\325\005\350\005\325\005\352\000\040\005\334\005\331}{chapter.1}% 9
\BOOKMARK [2][-]{subsection.1.2.1}{\376\377\005\320\005\347\005\341\005\344\005\325\005\340\005\340\005\330\000\040\005\351\005\334\000\040\005\336\005\330\005\350\005\331\005\346\005\325\005\352}{section.1.2}% 10
\BOOKMARK [2][-]{subsection.1.2.2}{\376\377\005\340\005\325\005\341\005\327\005\352\000\040\000C\000a\000m\000p\000b\000e\000l\000l\000-\000B\000a\000k\000e\000r\000-\000H\000a\000u\000s\000d\000o\000r\000f\000f}{section.1.2}% 11
\BOOKMARK [0][-]{chapter.2}{\376\377\005\320\005\334\005\322\005\321\005\350\005\320\005\325\005\352\000\040\005\334\005\331}{}% 12
\BOOKMARK [1][-]{section.2.1}{\376\377\005\327\005\321\005\325\005\350\005\325\005\352\000\040\005\334\005\331\000\040\005\325\005\320\005\334\005\322\005\321\005\350\005\320\005\325\005\352\000\040\005\334\005\331}{chapter.2}% 13
\BOOKMARK [2][-]{subsection.2.1.1}{\376\377\005\336\005\320\005\334\005\322\005\321\005\350\005\320\005\325\005\352\000\040\005\334\005\331\000\040\005\334\005\327\005\321\005\325\005\350\005\325\005\352\000\040\005\334\005\331}{section.2.1}% 14
\BOOKMARK [2][-]{subsection.2.1.2}{\376\377\005\336\005\327\005\321\005\325\005\350\005\325\005\352\000\040\005\334\005\331\000\040\005\334\005\320\005\334\005\322\005\321\005\350\005\320\005\325\005\352\000\040\005\334\005\331}{section.2.1}% 15
\BOOKMARK [1][-]{section.2.2}{\376\377\005\323\005\325\005\322\005\336\005\320\005\325\005\352\000\040\005\321\005\336\005\331\005\336\005\323\005\331\005\335\000\040\005\340\005\336\005\325\005\333\005\331\005\335}{chapter.2}% 16
\BOOKMARK [0][-]{chapter.3}{\376\377\005\327\005\321\005\325\005\350\005\325\005\352\000\040\005\336\005\330\005\350\005\331\005\346\005\325\005\352}{}% 17
\BOOKMARK [1][-]{subsection.3.0.1}{\376\377\005\327\005\321\005\325\005\350\005\325\005\352\000\040\005\336\005\330\005\350\005\331\005\346\005\325\005\352\000\040\005\333\005\327\005\321\005\325\005\350\005\325\005\352\000\040\005\334\005\331}{chapter.3}% 18
\BOOKMARK [1][-]{section.3.1}{\376\377\005\330\005\325\005\344\005\325\005\334\005\325\005\322\005\331\005\324\000\040\005\342\005\334\000\040\005\327\005\321\005\325\005\350\005\325\005\352\000\040\005\336\005\330\005\350\005\331\005\346\005\325\005\352}{chapter.3}% 19
\BOOKMARK [2][-]{subsection.3.1.1}{\376\377\005\327\005\321\005\325\005\350\005\325\005\352\000\040\005\334\005\331\000\040\005\320\005\321\005\334\005\331\005\325\005\352}{section.3.1}% 20
\BOOKMARK [2][-]{subsection.3.1.2}{\376\377\005\327\005\326\005\350\005\324\000\040\005\334\005\324\005\352\005\320\005\336\005\352\000\040\005\334\005\331}{section.3.1}% 21
\BOOKMARK [1][-]{section.3.2}{\376\377\005\324\005\325\005\336\005\325\005\336\005\325\005\350\005\344\005\331\005\326\005\336\005\331\005\335}{chapter.3}% 22
\BOOKMARK [2][-]{subsection.3.2.1}{\376\377\005\324\005\322\005\323\005\350\005\324}{section.3.2}% 23
\BOOKMARK [2][-]{subsection.3.2.2}{\376\377\005\324\005\346\005\322\005\325\005\352\000\040\005\351\005\334\000\040\005\330\005\325\005\350\005\325\005\341\005\331\005\335}{section.3.2}% 24
\BOOKMARK [2][-]{subsection.3.2.3}{\376\377\005\330\005\325\005\350\005\331\000\040\005\344\005\325\005\350\005\331\005\331\005\324}{section.3.2}% 25
\BOOKMARK [2][-]{subsection.3.2.4}{\376\377\005\322\005\350\005\342\005\331\005\337\000\040\005\325\005\352\005\336\005\325\005\340\005\324}{section.3.2}% 26
\BOOKMARK [2][-]{subsection.3.2.5}{\376\377\005\336\005\350\005\327\005\321\005\331\000\040\005\333\005\331\005\341\005\325\005\331}{section.3.2}% 27
